[0.159s] Invoking command in '/mnt/c/Users/game_/Desktop/Work/ROBOTECH/lab2/ex10/build/text_to_cmd_vel': CMAKE_PREFIX_PATH=${CMAKE_PREFIX_PATH}:/root/ros2_ws/install/examples_rclpy_minimal_subscriber:/root/ros2_ws/install/examples_rclpy_minimal_service:/root/ros2_ws/install/examples_rclpy_minimal_publisher:/root/ros2_ws/install/examples_rclpy_minimal_client:/root/ros2_ws/install/examples_rclpy_minimal_action_server:/root/ros2_ws/install/examples_rclpy_minimal_action_client:/root/ros2_ws/install/examples_rclpy_guard_conditions:/root/ros2_ws/install/examples_rclpy_executors:/opt/ros/humble /usr/bin/cmake /mnt/c/Users/game_/Desktop/Work/ROBOTECH/lab2/ex10/text_to_cmd_vel -DCMAKE_INSTALL_PREFIX=/mnt/c/Users/game_/Desktop/Work/ROBOTECH/lab2/ex10/install/text_to_cmd_vel
[1.007s] -- The C compiler identification is GNU 11.4.0
[2.520s] -- The CXX compiler identification is GNU 11.4.0
[3.408s] -- Detecting C compiler ABI info
[5.227s] -- Detecting C compiler ABI info - done
[5.297s] -- Check for working C compiler: /usr/bin/cc - skipped
[5.299s] -- Detecting C compile features
[5.302s] -- Detecting C compile features - done
[5.461s] -- Detecting CXX compiler ABI info
[7.377s] -- Detecting CXX compiler ABI info - done
[7.458s] -- Check for working CXX compiler: /usr/bin/c++ - skipped
[7.462s] -- Detecting CXX compile features
[7.465s] -- Detecting CXX compile features - done
[7.649s] -- Found ament_cmake: 1.3.5 (/opt/ros/humble/share/ament_cmake/cmake)
[8.017s] -- Found Python3: /usr/bin/python3.10 (found version "3.10.12") found components: Interpreter 
[8.482s] -- Found rclcpp: 16.0.5 (/opt/ros/humble/share/rclcpp/cmake)
[8.851s] -- Found rosidl_generator_c: 3.1.5 (/opt/ros/humble/share/rosidl_generator_c/cmake)
[8.861s] -- Found rosidl_adapter: 3.1.5 (/opt/ros/humble/share/rosidl_adapter/cmake)
[8.878s] -- Found rosidl_generator_cpp: 3.1.5 (/opt/ros/humble/share/rosidl_generator_cpp/cmake)
[8.913s] -- Using all available rosidl_typesupport_c: rosidl_typesupport_fastrtps_c;rosidl_typesupport_introspection_c
[8.953s] -- Using all available rosidl_typesupport_cpp: rosidl_typesupport_fastrtps_cpp;rosidl_typesupport_introspection_cpp
[9.091s] -- Found rmw_implementation_cmake: 6.1.1 (/opt/ros/humble/share/rmw_implementation_cmake/cmake)
[9.098s] -- Found rmw_fastrtps_cpp: 6.2.3 (/opt/ros/humble/share/rmw_fastrtps_cpp/cmake)
[12.139s] -- Found OpenSSL: /usr/lib/x86_64-linux-gnu/libcrypto.so (found version "3.0.2")  
[15.189s] -- Found FastRTPS: /opt/ros/humble/include  
[20.871s] -- Using RMW implementation 'rmw_fastrtps_cpp' as default
[20.998s] -- Looking for pthread.h
[22.703s] -- Looking for pthread.h - found
[22.738s] -- Performing Test CMAKE_HAVE_LIBC_PTHREAD
[24.387s] -- Performing Test CMAKE_HAVE_LIBC_PTHREAD - Success
[24.404s] -- Found Threads: TRUE  
[24.711s] -- Found geometry_msgs: 4.2.3 (/opt/ros/humble/share/geometry_msgs/cmake)
[24.781s] -- Found ament_lint_auto: 0.12.7 (/opt/ros/humble/share/ament_lint_auto/cmake)
[74.081s] -- Added test 'cppcheck' to perform static code analysis on C / C++ code
[74.084s] -- Configured cppcheck include dirs: 
[74.086s] -- Configured cppcheck exclude dirs and/or files: 
[80.123s] -- Added test 'flake8' to check Python code syntax and style conventions
[91.485s] -- Added test 'lint_cmake' to check CMake code style
[97.209s] -- Added test 'pep257' to check Python code against some of the docstring style conventions in PEP 257
[144.857s] -- Added test 'uncrustify' to check C / C++ code style
[144.861s] -- Configured uncrustify additional arguments: 
[150.827s] -- Added test 'xmllint' to check XML markup files
[151.209s] -- Configuring done
[152.461s] -- Generating done
[152.750s] -- Build files have been written to: /mnt/c/Users/game_/Desktop/Work/ROBOTECH/lab2/ex10/build/text_to_cmd_vel
[152.769s] Invoked command in '/mnt/c/Users/game_/Desktop/Work/ROBOTECH/lab2/ex10/build/text_to_cmd_vel' returned '0': CMAKE_PREFIX_PATH=${CMAKE_PREFIX_PATH}:/root/ros2_ws/install/examples_rclpy_minimal_subscriber:/root/ros2_ws/install/examples_rclpy_minimal_service:/root/ros2_ws/install/examples_rclpy_minimal_publisher:/root/ros2_ws/install/examples_rclpy_minimal_client:/root/ros2_ws/install/examples_rclpy_minimal_action_server:/root/ros2_ws/install/examples_rclpy_minimal_action_client:/root/ros2_ws/install/examples_rclpy_guard_conditions:/root/ros2_ws/install/examples_rclpy_executors:/opt/ros/humble /usr/bin/cmake /mnt/c/Users/game_/Desktop/Work/ROBOTECH/lab2/ex10/text_to_cmd_vel -DCMAKE_INSTALL_PREFIX=/mnt/c/Users/game_/Desktop/Work/ROBOTECH/lab2/ex10/install/text_to_cmd_vel
[152.809s] Invoking command in '/mnt/c/Users/game_/Desktop/Work/ROBOTECH/lab2/ex10/build/text_to_cmd_vel': CMAKE_PREFIX_PATH=${CMAKE_PREFIX_PATH}:/root/ros2_ws/install/examples_rclpy_minimal_subscriber:/root/ros2_ws/install/examples_rclpy_minimal_service:/root/ros2_ws/install/examples_rclpy_minimal_publisher:/root/ros2_ws/install/examples_rclpy_minimal_client:/root/ros2_ws/install/examples_rclpy_minimal_action_server:/root/ros2_ws/install/examples_rclpy_minimal_action_client:/root/ros2_ws/install/examples_rclpy_guard_conditions:/root/ros2_ws/install/examples_rclpy_executors:/opt/ros/humble /usr/bin/cmake --build /mnt/c/Users/game_/Desktop/Work/ROBOTECH/lab2/ex10/build/text_to_cmd_vel -- -j16 -l16
[153.298s] [ 50%] [32mBuilding CXX object CMakeFiles/talker.dir/src/publisher_member_function.cpp.o[0m
[153.303s] [ 50%] [32mBuilding CXX object CMakeFiles/listener.dir/src/subscriber_member_function.cpp.o[0m
[153.658s] [01m[K/mnt/c/Users/game_/Desktop/Work/ROBOTECH/lab2/ex10/text_to_cmd_vel/src/publisher_member_function.cpp:22:10:[m[K [01;31m[Kfatal error: [m[Kgeometry_msgs/Twist.hpp: No such file or directory
[153.661s]    22 | #include [01;31m[K"geometry_msgs/Twist.hpp"[m[K
[153.666s]       |          [01;31m[K^~~~~~~~~~~~~~~~~~~~~~~~~[m[K
[153.669s] compilation terminated.
[153.672s] gmake[2]: *** [CMakeFiles/talker.dir/build.make:76: CMakeFiles/talker.dir/src/publisher_member_function.cpp.o] Error 1
[153.676s] gmake[1]: *** [CMakeFiles/Makefile2:139: CMakeFiles/talker.dir/all] Error 2
[153.679s] gmake[1]: *** Waiting for unfinished jobs....
[165.142s] [ 75%] [32m[1mLinking CXX executable listener[0m
[170.776s] [ 75%] Built target listener
[170.779s] gmake: *** [Makefile:146: all] Error 2
[170.782s] Invoked command in '/mnt/c/Users/game_/Desktop/Work/ROBOTECH/lab2/ex10/build/text_to_cmd_vel' returned '2': CMAKE_PREFIX_PATH=${CMAKE_PREFIX_PATH}:/root/ros2_ws/install/examples_rclpy_minimal_subscriber:/root/ros2_ws/install/examples_rclpy_minimal_service:/root/ros2_ws/install/examples_rclpy_minimal_publisher:/root/ros2_ws/install/examples_rclpy_minimal_client:/root/ros2_ws/install/examples_rclpy_minimal_action_server:/root/ros2_ws/install/examples_rclpy_minimal_action_client:/root/ros2_ws/install/examples_rclpy_guard_conditions:/root/ros2_ws/install/examples_rclpy_executors:/opt/ros/humble /usr/bin/cmake --build /mnt/c/Users/game_/Desktop/Work/ROBOTECH/lab2/ex10/build/text_to_cmd_vel -- -j16 -l16
