[0.110s] Invoking command in '/mnt/c/Users/game_/Desktop/Work/ROBOTECH/lab2/ex09/full_name_message/build/full_name_message': CMAKE_PREFIX_PATH=${CMAKE_PREFIX_PATH}:/root/ros2_ws/install/examples_rclpy_minimal_subscriber:/root/ros2_ws/install/examples_rclpy_minimal_service:/root/ros2_ws/install/examples_rclpy_minimal_publisher:/root/ros2_ws/install/examples_rclpy_minimal_client:/root/ros2_ws/install/examples_rclpy_minimal_action_server:/root/ros2_ws/install/examples_rclpy_minimal_action_client:/root/ros2_ws/install/examples_rclpy_guard_conditions:/root/ros2_ws/install/examples_rclpy_executors:/opt/ros/humble /usr/bin/cmake --build /mnt/c/Users/game_/Desktop/Work/ROBOTECH/lab2/ex09/full_name_message/build/full_name_message -- -j16 -l16
[0.355s] -- Found ament_cmake: 1.3.5 (/opt/ros/humble/share/ament_cmake/cmake)
[0.575s] -- Found rosidl_default_generators: 1.2.0 (/opt/ros/humble/share/rosidl_default_generators/cmake)
[0.611s] -- Using all available rosidl_typesupport_c: rosidl_typesupport_fastrtps_c;rosidl_typesupport_introspection_c
[0.613s] -- Found rosidl_adapter: 3.1.5 (/opt/ros/humble/share/rosidl_adapter/cmake)
[0.843s] -- Using all available rosidl_typesupport_cpp: rosidl_typesupport_fastrtps_cpp;rosidl_typesupport_introspection_cpp
[1.369s] [31mCMake Error at /opt/ros/humble/share/rosidl_adapter/cmake/rosidl_adapt_interfaces.cmake:59 (message):
[1.371s]   execute_process(/usr/bin/python3.10 -m rosidl_adapter --package-name
[1.373s]   full_name_message --arguments-file
[1.376s]   /mnt/c/Users/game_/Desktop/Work/ROBOTECH/lab2/ex09/full_name_message/build/full_name_message/rosidl_adapter__arguments__full_name_message.json
[1.378s]   --output-dir
[1.382s]   /mnt/c/Users/game_/Desktop/Work/ROBOTECH/lab2/ex09/full_name_message/build/full_name_message/rosidl_adapter/full_name_message
[1.384s]   --output-file
[1.386s]   /mnt/c/Users/game_/Desktop/Work/ROBOTECH/lab2/ex09/full_name_message/build/full_name_message/rosidl_adapter/full_name_message.idls)
[1.387s]   returned error code 1:
[1.389s] 
[1.391s]   Traceback (most recent call last):
[1.393s] 
[1.395s]     File "/usr/lib/python3.10/runpy.py", line 196, in _run_module_as_main
[1.397s]       return _run_code(code, main_globals, None,
[1.399s]     File "/usr/lib/python3.10/runpy.py", line 86, in _run_code
[1.400s]       exec(code, run_globals)
[1.402s]     File "/opt/ros/humble/local/lib/python3.10/dist-packages/rosidl_adapter/__main__.py", line 19, in <module>
[1.403s]       sys.exit(main())
[1.405s]     File "/opt/ros/humble/local/lib/python3.10/dist-packages/rosidl_adapter/main.py", line 53, in main
[1.407s]       abs_idl_file = convert_to_idl(
[1.409s]     File "/opt/ros/humble/local/lib/python3.10/dist-packages/rosidl_adapter/__init__.py", line 24, in convert_to_idl
[1.411s]       return convert_srv_to_idl(
[1.412s]     File "/opt/ros/humble/local/lib/python3.10/dist-packages/rosidl_adapter/srv/__init__.py", line 28, in convert_srv_to_idl
[1.414s]       srv = parse_service_string(package_name, input_file.stem, content)
[1.416s]     File "/opt/ros/humble/local/lib/python3.10/dist-packages/rosidl_adapter/parser.py", line 859, in parse_service_string
[1.419s]       request_message = parse_message_string(
[1.421s]     File "/opt/ros/humble/local/lib/python3.10/dist-packages/rosidl_adapter/parser.py", line 544, in parse_message_string
[1.423s]       msg = MessageSpecification(pkg_name, msg_name, fields, constants)
[1.425s]     File "/opt/ros/humble/local/lib/python3.10/dist-packages/rosidl_adapter/parser.py", line 388, in __init__
[1.426s]       self.base_type = BaseType(
[1.428s]     File "/opt/ros/humble/local/lib/python3.10/dist-packages/rosidl_adapter/parser.py", line 205, in __init__
[1.430s]       raise InvalidResourceName(
[1.431s] 
[1.433s]   rosidl_adapter.parser.InvalidResourceName: 'full_name_sum_service_Request'
[1.435s]   is an invalid message name.  It should have the pattern
[1.436s]   '^[A-Z][A-Za-z0-9]*$'
[1.438s] 
[1.440s] Call Stack (most recent call first):
[1.441s]   /opt/ros/humble/share/rosidl_cmake/cmake/rosidl_generate_interfaces.cmake:130 (rosidl_adapt_interfaces)
[1.443s]   CMakeLists.txt:16 (rosidl_generate_interfaces)
[1.445s] 
[1.446s] [0m
[1.448s] -- Configuring incomplete, errors occurred!
[1.450s] See also "/mnt/c/Users/game_/Desktop/Work/ROBOTECH/lab2/ex09/full_name_message/build/full_name_message/CMakeFiles/CMakeOutput.log".
[1.452s] gmake: *** [Makefile:747: cmake_check_build_system] Error 1
[1.453s] Invoked command in '/mnt/c/Users/game_/Desktop/Work/ROBOTECH/lab2/ex09/full_name_message/build/full_name_message' returned '2': CMAKE_PREFIX_PATH=${CMAKE_PREFIX_PATH}:/root/ros2_ws/install/examples_rclpy_minimal_subscriber:/root/ros2_ws/install/examples_rclpy_minimal_service:/root/ros2_ws/install/examples_rclpy_minimal_publisher:/root/ros2_ws/install/examples_rclpy_minimal_client:/root/ros2_ws/install/examples_rclpy_minimal_action_server:/root/ros2_ws/install/examples_rclpy_minimal_action_client:/root/ros2_ws/install/examples_rclpy_guard_conditions:/root/ros2_ws/install/examples_rclpy_executors:/opt/ros/humble /usr/bin/cmake --build /mnt/c/Users/game_/Desktop/Work/ROBOTECH/lab2/ex09/full_name_message/build/full_name_message -- -j16 -l16
